<?xml version="1.0" encoding="UTF-8"?>
<!-- Generated by org.testng.reporters.JUnitXMLReporter -->
<testsuite hostname="Mayank-PC" ignored="2" name="Test" tests="2" failures="0" timestamp="05 Apr 2019 15:56:26 GMT" time="0.029" errors="0">
  <testcase name="afclass" time="0.003" classname="testNGTut.day1"/>
  <testcase name="test3" time="0.002" classname="testNGTut.day1"/>
  <testcase name="af" time="0.0" classname="testNGTut.day1">
    <ignored/>
  </testcase> <!-- af -->
  <testcase name="test2" time="0.0" classname="testNGTut.day1">
    <ignored/>
  </testcase> <!-- test2 -->
</testsuite> <!-- Test -->
