<?xml version="1.0" encoding="UTF-8"?>
<!-- Generated by org.testng.reporters.JUnitXMLReporter -->
<testsuite hostname="Mayank-PC" ignored="0" name="Test1" tests="4" failures="0" timestamp="05 Apr 2019 15:56:26 GMT" time="0.013" errors="0">
  <testcase name="af" time="0.002" classname="testNGTut.day2"/>
  <testcase name="afclass" time="0.0" classname="testNGTut.day2"/>
  <testcase name="test2" time="0.001" classname="testNGTut.day2"/>
  <testcase name="test3" time="0.001" classname="testNGTut.day2"/>
</testsuite> <!-- Test1 -->
