<?xml version="1.0" encoding="UTF-8"?>
<testng-results ignored="0" total="3" passed="3" failed="0" skipped="0">
  <reporter-output>
  </reporter-output>
  <suite started-at="2018-12-17T17:26:14Z" name="Default suite" finished-at="2018-12-17T17:26:14Z" duration-ms="66">
    <groups>
    </groups>
    <test started-at="2018-12-17T17:26:14Z" name="Default test" finished-at="2018-12-17T17:26:14Z" duration-ms="66">
      <class name="testNGTut.ClassA">
        <test-method is-config="true" signature="bfclass()[pri:0, instance:testNGTut.ClassA@4988d8b8]" started-at="2018-12-17T17:26:14Z" name="bfclass" finished-at="2018-12-17T17:26:14Z" duration-ms="17" status="PASS">
          <reporter-output>
          </reporter-output>
        </test-method> <!-- bfclass -->
        <test-method is-config="true" signature="bf()[pri:0, instance:testNGTut.ClassA@4988d8b8]" started-at="2018-12-17T17:26:14Z" name="bf" finished-at="2018-12-17T17:26:14Z" duration-ms="0" status="PASS">
          <reporter-output>
          </reporter-output>
        </test-method> <!-- bf -->
        <test-method signature="test1()[pri:0, instance:testNGTut.ClassA@4988d8b8]" started-at="2018-12-17T17:26:14Z" name="test1" finished-at="2018-12-17T17:26:14Z" duration-ms="8" status="PASS">
          <reporter-output>
          </reporter-output>
        </test-method> <!-- test1 -->
        <test-method is-config="true" signature="bf()[pri:0, instance:testNGTut.ClassA@4988d8b8]" started-at="2018-12-17T17:26:14Z" name="bf" finished-at="2018-12-17T17:26:14Z" duration-ms="0" status="PASS">
          <reporter-output>
          </reporter-output>
        </test-method> <!-- bf -->
        <test-method signature="test2()[pri:0, instance:testNGTut.ClassA@4988d8b8]" started-at="2018-12-17T17:26:14Z" name="test2" finished-at="2018-12-17T17:26:14Z" duration-ms="2" status="PASS">
          <reporter-output>
          </reporter-output>
        </test-method> <!-- test2 -->
        <test-method is-config="true" signature="bf()[pri:0, instance:testNGTut.ClassA@4988d8b8]" started-at="2018-12-17T17:26:14Z" name="bf" finished-at="2018-12-17T17:26:14Z" duration-ms="1" status="PASS">
          <reporter-output>
          </reporter-output>
        </test-method> <!-- bf -->
        <test-method signature="test3()[pri:0, instance:testNGTut.ClassA@4988d8b8]" started-at="2018-12-17T17:26:14Z" name="test3" finished-at="2018-12-17T17:26:14Z" duration-ms="3" status="PASS">
          <reporter-output>
          </reporter-output>
        </test-method> <!-- test3 -->
        <test-method is-config="true" signature="afclass()[pri:0, instance:testNGTut.ClassA@4988d8b8]" started-at="2018-12-17T17:26:14Z" name="afclass" finished-at="2018-12-17T17:26:14Z" duration-ms="1" status="PASS">
          <reporter-output>
          </reporter-output>
        </test-method> <!-- afclass -->
        <test-method is-config="true" signature="af()[pri:0, instance:testNGTut.ClassA@4988d8b8]" started-at="2018-12-17T17:26:14Z" name="af" finished-at="2018-12-17T17:26:14Z" duration-ms="0" status="PASS">
          <reporter-output>
          </reporter-output>
        </test-method> <!-- af -->
      </class> <!-- testNGTut.ClassA -->
    </test> <!-- Default test -->
  </suite> <!-- Default suite -->
</testng-results>
