<?xml version="1.0" encoding="UTF-8"?>
<testng-results ignored="0" total="1" passed="1" failed="0" skipped="0">
  <reporter-output>
  </reporter-output>
  <suite started-at="2018-12-15T19:49:21Z" name="Default suite" finished-at="2018-12-15T19:49:36Z" duration-ms="14848">
    <groups>
    </groups>
    <test started-at="2018-12-15T19:49:21Z" name="Default test" finished-at="2018-12-15T19:49:36Z" duration-ms="14848">
      <class name="TestNGClass.SampleTest">
        <test-method is-config="true" signature="createdriver()[pri:0, instance:TestNGClass.SampleTest@7494f96a]" started-at="2018-12-15T19:49:21Z" name="createdriver" finished-at="2018-12-15T19:49:33Z" duration-ms="12349" status="PASS">
          <reporter-output>
          </reporter-output>
        </test-method> <!-- createdriver -->
        <test-method signature="VerifyTitle()[pri:0, instance:TestNGClass.SampleTest@7494f96a]" started-at="2018-12-15T19:49:33Z" name="VerifyTitle" finished-at="2018-12-15T19:49:36Z" duration-ms="2465" status="PASS">
          <reporter-output>
          </reporter-output>
        </test-method> <!-- VerifyTitle -->
      </class> <!-- TestNGClass.SampleTest -->
    </test> <!-- Default test -->
  </suite> <!-- Default suite -->
</testng-results>
